<?xml version="1.0" encoding="UTF-8"?>
<!-- Generated by org.testng.reporters.JUnitXMLReporter -->
<testsuite hostname="Admin" ignored="1" name="Selenium_GmailTest" tests="2" failures="1" timestamp="20 Oct 2021 10:44:13 GMT" time="4.155" errors="0">
  <testcase name="TC01" time="3.573" classname="tests.gmail.Testsuite_Demo">
    <failure type="java.lang.AssertionError" message="Password text box is not display expected [true] but found [false]">
      <![CDATA[java.lang.AssertionError: Password text box is not display expected [true] but found [false]
at tests.gmail.Testsuite_Demo.TC01(Testsuite_Demo.java:36)
at java.util.concurrent.ThreadPoolExecutor.runWorker(ThreadPoolExecutor.java:1149)
at java.util.concurrent.ThreadPoolExecutor$Worker.run(ThreadPoolExecutor.java:624)
at java.lang.Thread.run(Thread.java:748)
... Removed 13 stack frames]]>
    </failure>
  </testcase> <!-- TC01 -->
  <testcase name="TC02" time="0.035" classname="tests.gmail.Testsuite_Demo"/>
  <testcase name="TC03" time="0.0" classname="tests.gmail.Testsuite_Demo">
    <ignored/>
  </testcase> <!-- TC03 -->
</testsuite> <!-- Selenium_GmailTest -->
