<?xml version="1.0" encoding="UTF-8"?>
<!-- Generated by org.testng.reporters.JUnitXMLReporter -->
<testsuite hostname="Admin" ignored="0" name="Command line test" tests="3" failures="2" timestamp="01 Aug 2021 11:58:34 GMT" time="6.571" errors="0">
  <testcase name="TC01" time="1.196" classname="tests.gmail.Testsuite_Demo">
    <failure type="java.lang.AssertionError" message="Password text box is not display expected [true] but found [false]">
      <![CDATA[java.lang.AssertionError: Password text box is not display expected [true] but found [false]
at tests.gmail.Testsuite_Demo.TC01(Testsuite_Demo.java:36)
... Removed 38 stack frames]]>
    </failure>
  </testcase> <!-- TC01 -->
  <testcase name="TC02" time="0.053" classname="tests.gmail.Testsuite_Demo"/>
  <testcase name="TC03" time="0.001" classname="tests.gmail.Testsuite_Demo">
    <failure type="java.lang.ArrayIndexOutOfBoundsException" message="1">
      <![CDATA[java.lang.ArrayIndexOutOfBoundsException: 1
at tests.gmail.Testsuite_Demo.TC03(Testsuite_Demo.java:67)
... Removed 35 stack frames]]>
    </failure>
  </testcase> <!-- TC03 -->
</testsuite> <!-- Command line test -->
