<?xml version="1.0" encoding="UTF-8"?>
<!-- Generated by org.testng.reporters.JUnitXMLReporter -->
<testsuite ignored="1" hostname="Admin" failures="1" tests="2" name="Selenium_GmailTest" time="2.155" errors="0" timestamp="2021-10-20T17:52:01 ICT">
  <testcase classname="tests.gmail.Testsuite_Demo" name="TC01" time="1.82">
    <failure type="java.lang.AssertionError" message="Password text box is not display expected [true] but found [false]">
      <![CDATA[java.lang.AssertionError: Password text box is not display expected [true] but found [false]
at tests.gmail.Testsuite_Demo.TC01(Testsuite_Demo.java:35)
at java.base/java.util.concurrent.ThreadPoolExecutor.runWorker(ThreadPoolExecutor.java:1130)
at java.base/java.util.concurrent.ThreadPoolExecutor$Worker.run(ThreadPoolExecutor.java:630)
at java.base/java.lang.Thread.run(Thread.java:832)
... Removed 15 stack frames]]>
    </failure>
  </testcase> <!-- TC01 -->
  <testcase classname="tests.gmail.Testsuite_Demo" name="TC02" time="0.027"/>
  <testcase classname="tests.gmail.Testsuite_Demo" name="TC03" time="0.0">
    <ignored/>
  </testcase> <!-- TC03 -->
</testsuite> <!-- Selenium_GmailTest -->
