<?xml version="1.0" encoding="UTF-8"?>
<testng-results ignored="2" total="3" passed="0" failed="1" skipped="0">
  <reporter-output>
  </reporter-output>
  <suite started-at="2021-08-01T09:47:43Z" name="Selenium Gmail Test Suite" finished-at="2021-08-01T09:47:46Z" duration-ms="3239">
    <groups>
    </groups>
    <test started-at="2021-08-01T09:47:43Z" name="Selenium_GmailTest" finished-at="2021-08-01T09:47:46Z" duration-ms="3239">
      <class name="tests.gmail.Testsuite_Demo">
        <test-method is-config="true" signature="setup(java.lang.String)[pri:0, instance:tests.gmail.Testsuite_Demo@55342f40]" started-at="2021-08-01T09:47:43Z" name="setup" finished-at="2021-08-01T09:47:44Z" duration-ms="1554" status="PASS">
          <params>
            <param index="0">
              <value>
                <![CDATA[chrome]]>
              </value>
            </param>
          </params>
          <reporter-output>
          </reporter-output>
        </test-method> <!-- setup -->
        <test-method signature="TC01()[pri:0, instance:tests.gmail.Testsuite_Demo@55342f40]" started-at="2021-08-01T09:47:44Z" name="TC01" description="TC01" finished-at="2021-08-01T09:47:46Z" duration-ms="1164" status="FAIL">
          <exception class="java.lang.AssertionError">
            <message>
              <![CDATA[Password text box is not display expected [true] but found [false]]]>
            </message>
            <full-stacktrace>
              <![CDATA[java.lang.AssertionError: Password text box is not display expected [true] but found [false]
at org.testng.Assert.fail(Assert.java:96)
at org.testng.Assert.failNotEquals(Assert.java:776)
at org.testng.Assert.assertTrue(Assert.java:44)
at tests.gmail.Testsuite_Demo.TC01(Testsuite_Demo.java:36)
at java.base/jdk.internal.reflect.NativeMethodAccessorImpl.invoke0(Native Method)
at java.base/jdk.internal.reflect.NativeMethodAccessorImpl.invoke(NativeMethodAccessorImpl.java:64)
at java.base/jdk.internal.reflect.DelegatingMethodAccessorImpl.invoke(DelegatingMethodAccessorImpl.java:43)
at java.base/java.lang.reflect.Method.invoke(Method.java:564)
at org.testng.internal.MethodInvocationHelper.invokeMethod(MethodInvocationHelper.java:124)
at org.testng.internal.Invoker.invokeMethod(Invoker.java:583)
at org.testng.internal.Invoker.invokeTestMethod(Invoker.java:719)
at org.testng.internal.Invoker.invokeTestMethods(Invoker.java:989)
at org.testng.internal.TestMethodWorker.invokeTestMethods(TestMethodWorker.java:125)
at org.testng.internal.TestMethodWorker.run(TestMethodWorker.java:109)
at java.base/java.util.concurrent.ThreadPoolExecutor.runWorker(ThreadPoolExecutor.java:1130)
at java.base/java.util.concurrent.ThreadPoolExecutor$Worker.run(ThreadPoolExecutor.java:630)
at java.base/java.lang.Thread.run(Thread.java:832)
]]>
            </full-stacktrace>
          </exception> <!-- java.lang.AssertionError -->
          <reporter-output>
          </reporter-output>
        </test-method> <!-- TC01 -->
        <test-method is-config="true" signature="afterSuite()[pri:0, instance:tests.gmail.Testsuite_Demo@55342f40]" started-at="2021-08-01T09:47:46Z" name="afterSuite" finished-at="2021-08-01T09:47:46Z" duration-ms="41" status="PASS">
          <reporter-output>
          </reporter-output>
        </test-method> <!-- afterSuite -->
        <test-method is-config="true" signature="terminate()[pri:0, instance:tests.gmail.Testsuite_Demo@55342f40]" started-at="2021-08-01T09:47:46Z" name="terminate" finished-at="2021-08-01T09:47:46Z" duration-ms="1" status="PASS">
          <reporter-output>
          </reporter-output>
        </test-method> <!-- terminate -->
      </class> <!-- tests.gmail.Testsuite_Demo -->
    </test> <!-- Selenium_GmailTest -->
  </suite> <!-- Selenium Gmail Test Suite -->
</testng-results>
